2025-02-04 17:02:09,148 INFO    MainThread:62335 [wandb_setup.py:_flush():76] Current SDK version is 0.15.5
2025-02-04 17:02:09,148 INFO    MainThread:62335 [wandb_setup.py:_flush():76] Configure stats pid to 62335
2025-02-04 17:02:09,148 INFO    MainThread:62335 [wandb_setup.py:_flush():76] Loading settings from /home/ant/.config/wandb/settings
2025-02-04 17:02:09,148 INFO    MainThread:62335 [wandb_setup.py:_flush():76] Loading settings from /home/ant/ssrl/ssrl/outputs/2025-02-04/17-02-01/wandb/settings
2025-02-04 17:02:09,148 INFO    MainThread:62335 [wandb_setup.py:_flush():76] Loading settings from environment variables: {}
2025-02-04 17:02:09,148 INFO    MainThread:62335 [wandb_setup.py:_flush():76] Applying setup settings: {'_disable_service': False}
2025-02-04 17:02:09,148 INFO    MainThread:62335 [wandb_setup.py:_flush():76] Inferring run settings from compute environment: {'program_relpath': 'ssrl/scripts/aliengo_train.py', 'program': '/home/ant/ssrl/ssrl/scripts/aliengo_train.py'}
2025-02-04 17:02:09,148 INFO    MainThread:62335 [wandb_init.py:_log_setup():507] Logging user logs to /home/ant/ssrl/ssrl/outputs/2025-02-04/17-02-01/wandb/run-20250204_170209-u1h64o3m/logs/debug.log
2025-02-04 17:02:09,149 INFO    MainThread:62335 [wandb_init.py:_log_setup():508] Logging internal logs to /home/ant/ssrl/ssrl/outputs/2025-02-04/17-02-01/wandb/run-20250204_170209-u1h64o3m/logs/debug-internal.log
2025-02-04 17:02:09,149 INFO    MainThread:62335 [wandb_init.py:init():547] calling init triggers
2025-02-04 17:02:09,149 INFO    MainThread:62335 [wandb_init.py:init():554] wandb.init called with sweep_config: {}
config: {'run_name': None, 'sweep_name': None, 'env': 'Go1GoFast', 'algo': 'ssrl', 'gpus': '0', 'num_seeds': 1, 'ssrl_dynamics_fn': 'contact_integrate_only', 'render_during_training': True, 'render_epoch_interval': 1, 'render_seed': 0, 'common': {'action_repeat': 1, 'obs_history_length': 5, 'normalize_observations': False, 'forces_in_q_coords': True}, 'actor_network': {'hidden_layers': 2, 'hidden_size': 512, 'activation': 'swish', 'max_std': None}, 'critic_network': {'hidden_layers': 5, 'hidden_size': 256}, 'env_common': {'policy_repeat': 4, 'forward_vel_rew_weight': 2.0, 'turn_rew_weight': 0.5, 'pitch_rew_weight': 0.25, 'roll_rew_weight': 0.25, 'yaw_rew_weight': 0.5, 'side_motion_rew_weight': 0.5, 'z_vel_change_rew_weight': 0.15, 'ang_vel_rew_weight': 0.0, 'ang_change_rew_weight': 0.25, 'joint_lim_rew_weight': 0.0, 'torque_lim_rew_weight': 0.0, 'joint_acc_rew_weight': 0.0, 'action_rew_weight': 0.0, 'cosmetic_rew_weight': 0.0, 'energy_rew_weight': 0.25, 'foot_z_rew_weight': 0.0, 'torque_lim_penalty_weight': 0.1, 'fallen_roll': 0.785, 'fallen_pitch': 0.785, 'include_height_in_obs': False, 'gains_in_action_space': False, 'reward_type': 'normalized'}, 'env_sac': {'policy_repeat': 4, 'forward_cmd_vel_type': 'constant', 'forward_cmd_vel_range': 0.0, 'forward_cmd_vel_period_range': [40.0, 40.0], 'turn_cmd_rate_range': [-0.0, 0.0], 'initial_yaw_range': [-0.0, 0.0], 'contact_time_const': 0.02, 'contact_damping_ratio': 1.0, 'friction_range': [0.6, 0.6], 'ground_roll_range': [0.0, 0.0], 'ground_pitch_range': [0.0, 0.0], 'joint_damping_perc_range': [1.0, 1.0], 'joint_gain_range': [1.0, 1.0], 'link_mass_perc_range': [1.0, 1.0], 'forward_vel_rew_weight': 2.0, 'turn_rew_weight': 0.5, 'pitch_rew_weight': 0.25, 'roll_rew_weight': 0.25, 'yaw_rew_weight': 0.5, 'side_motion_rew_weight': 0.5, 'z_vel_change_rew_weight': 0.15, 'ang_vel_rew_weight': 0.0, 'ang_change_rew_weight': 0.25, 'joint_lim_rew_weight': 0.0, 'torque_lim_rew_weight': 0.0, 'joint_acc_rew_weight': 0.0, 'action_rew_weight': 0.0, 'cosmetic_rew_weight': 0.0, 'energy_rew_weight': 0.25, 'foot_z_rew_weight': 0.0, 'torque_lim_penalty_weight': 0.1, 'fallen_roll': 0.785, 'fallen_pitch': 0.785, 'forces_in_q_coords': True, 'include_height_in_obs': False, 'gains_in_action_space': False, 'reward_type': 'normalized'}, 'sac': {'num_timesteps': 10000000, 'episode_length': 1000, 'action_repeat': 1, 'obs_history_length': 5, 'num_envs': 1, 'num_eval_envs': 500, 'learning_rate': 0.0001, 'discounting': 0.99, 'seed': 0, 'batch_size': 200, 'num_evals': 10, 'normalize_observations': False, 'reward_scaling': 1, 'tau': 0.001, 'min_replay_size': 10000, 'max_replay_size': 200000, 'grad_updates_per_step': 20, 'deterministic_eval': True}, 'env_ssrl': {'policy_repeat': 4, 'forward_cmd_vel_type': 'constant', 'forward_cmd_vel_range': 0.0, 'forward_cmd_vel_period_range': [40.0, 40.0], 'turn_cmd_rate_range': [-0.0, 0.0], 'initial_yaw_range': [-0.0, 0.0], 'contact_time_const': 0.02, 'contact_damping_ratio': 1.0, 'friction_range': [0.6, 0.6], 'ground_roll_range': [0.0, 0.0], 'ground_pitch_range': [0.0, 0.0], 'joint_damping_perc_range': [1.0, 1.0], 'joint_gain_range': [1.0, 1.0], 'link_mass_perc_range': [1.0, 1.0], 'forward_vel_rew_weight': 2.0, 'turn_rew_weight': 0.5, 'pitch_rew_weight': 0.25, 'roll_rew_weight': 0.25, 'yaw_rew_weight': 0.5, 'side_motion_rew_weight': 0.5, 'z_vel_change_rew_weight': 0.15, 'ang_vel_rew_weight': 0.0, 'ang_change_rew_weight': 0.25, 'joint_lim_rew_weight': 0.0, 'torque_lim_rew_weight': 0.0, 'joint_acc_rew_weight': 0.0, 'action_rew_weight': 0.0, 'cosmetic_rew_weight': 0.0, 'energy_rew_weight': 0.25, 'foot_z_rew_weight': 0.0, 'torque_lim_penalty_weight': 0.1, 'fallen_roll': 0.785, 'fallen_pitch': 0.785, 'forces_in_q_coords': True, 'include_height_in_obs': False, 'body_height_in_action_space': True, 'gains_in_action_space': False, 'reward_type': 'normalized', 'healthy_delta_radius': 2.0, 'healthy_delta_yaw': 1.57}, 'ssrl_start_with_sac': False, 'ssrl': {'episode_length': 1000, 'policy_repeat': 1, 'num_epochs': 40, 'model_trains_per_epoch': 1, 'training_steps_per_model_train': 1, 'env_steps_per_training_step': 1000, 'model_rollouts_per_hallucination_update': 400, 'sac_grad_updates_per_hallucination_update': 60, 'init_exploration_steps': 1000, 'clear_model_buffer_after_model_train': False, 'action_repeat': 1, 'obs_history_length': 5, 'num_envs': 1, 'num_evals': 41, 'num_eval_envs': 1, 'policy_normalize_observations': False, 'model_learning_rate': 0.001, 'model_training_batch_size': 200, 'model_training_max_sgd_steps_per_epoch': None, 'model_training_max_epochs': 1000, 'model_training_convergence_criteria': 0.01, 'model_training_consec_converged_epochs': 6, 'model_training_abs_criteria': None, 'model_training_test_ratio': 0.2, 'model_training_weight_decay': True, 'model_training_stop_gradient': False, 'model_loss_horizon': 4, 'model_check_done_condition': True, 'max_env_buffer_size': 15000, 'max_model_buffer_size': 400000, 'sac_learning_rate': 0.0002, 'sac_discounting': 0.99, 'sac_batch_size': 256, 'real_ratio': 0.06, 'sac_reward_scaling': 1.0, 'sac_tau': 0.001, 'sac_fixed_alpha': 'None', 'seed': 2, 'deterministic_in_env': True, 'deterministic_eval': True, 'hallucination_max_std': -1.0, 'zero_final_layer_of_policy': False}, 'ssrl_model': {'hidden_size': 400, 'ensemble_size': 7, 'num_elites': 5, 'probabilistic': True}, 'ssrl_linear_threshold_fn': {'start_epoch': 0, 'end_epoch': 10, 'start_model_horizon': 1, 'end_model_horizon': 20}, 'ssrl_hupts_fn': {'start_epoch': 0, 'end_epoch': 4, 'start_hupts': 10, 'end_hupts': 1000}, 'render': {'policy': 'ssrl'}, 'wandb': {'entity': 'an-tsaritsin-itmo-university', 'log_sac': True, 'log_ssrl': True}, 'save_policy': {'sac': True, 'sac_all': True, 'ssrl': True, 'ssrl_all': True}, 'torque_validate': {'hardware_data': True}}
2025-02-04 17:02:09,149 INFO    MainThread:62335 [wandb_init.py:init():596] starting backend
2025-02-04 17:02:09,149 INFO    MainThread:62335 [wandb_init.py:init():600] setting up manager
2025-02-04 17:02:09,153 INFO    MainThread:62335 [backend.py:_multiprocessing_setup():106] multiprocessing start_methods=fork,spawn,forkserver, using: spawn
2025-02-04 17:02:09,273 INFO    MainThread:62335 [wandb_init.py:init():606] backend started and connected
2025-02-04 17:02:09,281 INFO    MainThread:62335 [wandb_init.py:init():705] updated telemetry
2025-02-04 17:02:09,321 INFO    MainThread:62335 [wandb_init.py:init():738] communicating run to backend with 60.0 second timeout
2025-02-04 17:02:37,582 INFO    Thread-2  :62335 [retry.py:__call__():172] Retry attempt failed:
Traceback (most recent call last):
  File "/home/ant/miniforge3/envs/ssrl/lib/python3.9/site-packages/urllib3/connectionpool.py", line 464, in _make_request
    self._validate_conn(conn)
  File "/home/ant/miniforge3/envs/ssrl/lib/python3.9/site-packages/urllib3/connectionpool.py", line 1093, in _validate_conn
    conn.connect()
  File "/home/ant/miniforge3/envs/ssrl/lib/python3.9/site-packages/urllib3/connection.py", line 741, in connect
    sock_and_verified = _ssl_wrap_socket_and_match_hostname(
  File "/home/ant/miniforge3/envs/ssrl/lib/python3.9/site-packages/urllib3/connection.py", line 920, in _ssl_wrap_socket_and_match_hostname
    ssl_sock = ssl_wrap_socket(
  File "/home/ant/miniforge3/envs/ssrl/lib/python3.9/site-packages/urllib3/util/ssl_.py", line 460, in ssl_wrap_socket
    ssl_sock = _ssl_wrap_socket_impl(sock, context, tls_in_tls, server_hostname)
  File "/home/ant/miniforge3/envs/ssrl/lib/python3.9/site-packages/urllib3/util/ssl_.py", line 504, in _ssl_wrap_socket_impl
    return ssl_context.wrap_socket(sock, server_hostname=server_hostname)
  File "/home/ant/miniforge3/envs/ssrl/lib/python3.9/ssl.py", line 501, in wrap_socket
    return self.sslsocket_class._create(
  File "/home/ant/miniforge3/envs/ssrl/lib/python3.9/ssl.py", line 1074, in _create
    self.do_handshake()
  File "/home/ant/miniforge3/envs/ssrl/lib/python3.9/ssl.py", line 1343, in do_handshake
    self._sslobj.do_handshake()
socket.timeout: _ssl.c:1130: The handshake operation timed out

The above exception was the direct cause of the following exception:

Traceback (most recent call last):
  File "/home/ant/miniforge3/envs/ssrl/lib/python3.9/site-packages/requests/adapters.py", line 667, in send
    resp = conn.urlopen(
  File "/home/ant/miniforge3/envs/ssrl/lib/python3.9/site-packages/urllib3/connectionpool.py", line 841, in urlopen
    retries = retries.increment(
  File "/home/ant/miniforge3/envs/ssrl/lib/python3.9/site-packages/urllib3/util/retry.py", line 474, in increment
    raise reraise(type(error), error, _stacktrace)
  File "/home/ant/miniforge3/envs/ssrl/lib/python3.9/site-packages/urllib3/util/util.py", line 39, in reraise
    raise value
  File "/home/ant/miniforge3/envs/ssrl/lib/python3.9/site-packages/urllib3/connectionpool.py", line 787, in urlopen
    response = self._make_request(
  File "/home/ant/miniforge3/envs/ssrl/lib/python3.9/site-packages/urllib3/connectionpool.py", line 488, in _make_request
    raise new_e
  File "/home/ant/miniforge3/envs/ssrl/lib/python3.9/site-packages/urllib3/connectionpool.py", line 466, in _make_request
    self._raise_timeout(err=e, url=url, timeout_value=conn.timeout)
  File "/home/ant/miniforge3/envs/ssrl/lib/python3.9/site-packages/urllib3/connectionpool.py", line 367, in _raise_timeout
    raise ReadTimeoutError(
urllib3.exceptions.ReadTimeoutError: HTTPSConnectionPool(host='api.wandb.ai', port=443): Read timed out. (read timeout=10)

During handling of the above exception, another exception occurred:

Traceback (most recent call last):
  File "/home/ant/miniforge3/envs/ssrl/lib/python3.9/site-packages/wandb/sdk/lib/retry.py", line 131, in __call__
    result = self._call_fn(*args, **kwargs)
  File "/home/ant/miniforge3/envs/ssrl/lib/python3.9/site-packages/wandb/sdk/internal/internal_api.py", line 321, in execute
    return self.client.execute(*args, **kwargs)  # type: ignore
  File "/home/ant/miniforge3/envs/ssrl/lib/python3.9/site-packages/wandb/vendor/gql-0.2.0/wandb_gql/client.py", line 52, in execute
    result = self._get_result(document, *args, **kwargs)
  File "/home/ant/miniforge3/envs/ssrl/lib/python3.9/site-packages/wandb/vendor/gql-0.2.0/wandb_gql/client.py", line 60, in _get_result
    return self.transport.execute(document, *args, **kwargs)
  File "/home/ant/miniforge3/envs/ssrl/lib/python3.9/site-packages/wandb/sdk/lib/gql_request.py", line 55, in execute
    request = self.session.post(self.url, **post_args)
  File "/home/ant/miniforge3/envs/ssrl/lib/python3.9/site-packages/requests/sessions.py", line 637, in post
    return self.request("POST", url, data=data, json=json, **kwargs)
  File "/home/ant/miniforge3/envs/ssrl/lib/python3.9/site-packages/requests/sessions.py", line 589, in request
    resp = self.send(prep, **send_kwargs)
  File "/home/ant/miniforge3/envs/ssrl/lib/python3.9/site-packages/requests/sessions.py", line 703, in send
    r = adapter.send(request, **kwargs)
  File "/home/ant/miniforge3/envs/ssrl/lib/python3.9/site-packages/requests/adapters.py", line 713, in send
    raise ReadTimeout(e, request=request)
requests.exceptions.ReadTimeout: HTTPSConnectionPool(host='api.wandb.ai', port=443): Read timed out. (read timeout=10)
2025-02-04 17:02:48,863 INFO    MainThread:62335 [wandb_run.py:_on_init():2173] communicating current version
2025-02-04 17:02:49,343 INFO    MainThread:62335 [wandb_run.py:_on_init():2182] got version response upgrade_message: "wandb version 0.19.5 is available!  To upgrade, please run:\n $ pip install wandb --upgrade"

2025-02-04 17:02:49,344 INFO    MainThread:62335 [wandb_init.py:init():789] starting run threads in backend
2025-02-04 17:02:50,902 INFO    MainThread:62335 [wandb_run.py:_console_start():2152] atexit reg
2025-02-04 17:02:50,903 INFO    MainThread:62335 [wandb_run.py:_redirect():2007] redirect: SettingsConsole.WRAP_RAW
2025-02-04 17:02:50,903 INFO    MainThread:62335 [wandb_run.py:_redirect():2072] Wrapping output streams.
2025-02-04 17:02:50,903 INFO    MainThread:62335 [wandb_run.py:_redirect():2097] Redirects installed.
2025-02-04 17:02:50,904 INFO    MainThread:62335 [wandb_init.py:init():830] run started, returning control to user process
