2025-02-04 17:02:09,156 INFO    StreamThr :62423 [internal.py:wandb_internal():86] W&B internal server running at pid: 62423, started at: 2025-02-04 17:02:09.156145
2025-02-04 17:02:09,157 DEBUG   HandlerThread:62423 [handler.py:handle_request():144] handle_request: status
2025-02-04 17:02:09,282 INFO    WriterThread:62423 [datastore.py:open_for_write():85] open: /home/ant/ssrl/ssrl/outputs/2025-02-04/17-02-01/wandb/run-20250204_170209-u1h64o3m/run-u1h64o3m.wandb
2025-02-04 17:02:09,282 DEBUG   SenderThread:62423 [sender.py:send():369] send: header
2025-02-04 17:02:09,322 DEBUG   SenderThread:62423 [sender.py:send():369] send: run
2025-02-04 17:02:14,323 DEBUG   HandlerThread:62423 [handler.py:handle_request():144] handle_request: keepalive
2025-02-04 17:02:19,324 DEBUG   HandlerThread:62423 [handler.py:handle_request():144] handle_request: keepalive
2025-02-04 17:02:24,325 DEBUG   HandlerThread:62423 [handler.py:handle_request():144] handle_request: keepalive
2025-02-04 17:02:29,326 DEBUG   HandlerThread:62423 [handler.py:handle_request():144] handle_request: keepalive
2025-02-04 17:02:34,327 DEBUG   HandlerThread:62423 [handler.py:handle_request():144] handle_request: keepalive
2025-02-04 17:02:39,328 DEBUG   HandlerThread:62423 [handler.py:handle_request():144] handle_request: keepalive
2025-02-04 17:02:42,857 INFO    SenderThread:62423 [retry.py:__call__():172] Retry attempt failed:
Traceback (most recent call last):
  File "/home/ant/miniforge3/envs/ssrl/lib/python3.9/site-packages/urllib3/connectionpool.py", line 464, in _make_request
    self._validate_conn(conn)
  File "/home/ant/miniforge3/envs/ssrl/lib/python3.9/site-packages/urllib3/connectionpool.py", line 1093, in _validate_conn
    conn.connect()
  File "/home/ant/miniforge3/envs/ssrl/lib/python3.9/site-packages/urllib3/connection.py", line 741, in connect
    sock_and_verified = _ssl_wrap_socket_and_match_hostname(
  File "/home/ant/miniforge3/envs/ssrl/lib/python3.9/site-packages/urllib3/connection.py", line 920, in _ssl_wrap_socket_and_match_hostname
    ssl_sock = ssl_wrap_socket(
  File "/home/ant/miniforge3/envs/ssrl/lib/python3.9/site-packages/urllib3/util/ssl_.py", line 460, in ssl_wrap_socket
    ssl_sock = _ssl_wrap_socket_impl(sock, context, tls_in_tls, server_hostname)
  File "/home/ant/miniforge3/envs/ssrl/lib/python3.9/site-packages/urllib3/util/ssl_.py", line 504, in _ssl_wrap_socket_impl
    return ssl_context.wrap_socket(sock, server_hostname=server_hostname)
  File "/home/ant/miniforge3/envs/ssrl/lib/python3.9/ssl.py", line 501, in wrap_socket
    return self.sslsocket_class._create(
  File "/home/ant/miniforge3/envs/ssrl/lib/python3.9/ssl.py", line 1074, in _create
    self.do_handshake()
  File "/home/ant/miniforge3/envs/ssrl/lib/python3.9/ssl.py", line 1343, in do_handshake
    self._sslobj.do_handshake()
socket.timeout: _ssl.c:1130: The handshake operation timed out

The above exception was the direct cause of the following exception:

Traceback (most recent call last):
  File "/home/ant/miniforge3/envs/ssrl/lib/python3.9/site-packages/requests/adapters.py", line 667, in send
    resp = conn.urlopen(
  File "/home/ant/miniforge3/envs/ssrl/lib/python3.9/site-packages/urllib3/connectionpool.py", line 841, in urlopen
    retries = retries.increment(
  File "/home/ant/miniforge3/envs/ssrl/lib/python3.9/site-packages/urllib3/util/retry.py", line 474, in increment
    raise reraise(type(error), error, _stacktrace)
  File "/home/ant/miniforge3/envs/ssrl/lib/python3.9/site-packages/urllib3/util/util.py", line 39, in reraise
    raise value
  File "/home/ant/miniforge3/envs/ssrl/lib/python3.9/site-packages/urllib3/connectionpool.py", line 787, in urlopen
    response = self._make_request(
  File "/home/ant/miniforge3/envs/ssrl/lib/python3.9/site-packages/urllib3/connectionpool.py", line 488, in _make_request
    raise new_e
  File "/home/ant/miniforge3/envs/ssrl/lib/python3.9/site-packages/urllib3/connectionpool.py", line 466, in _make_request
    self._raise_timeout(err=e, url=url, timeout_value=conn.timeout)
  File "/home/ant/miniforge3/envs/ssrl/lib/python3.9/site-packages/urllib3/connectionpool.py", line 367, in _raise_timeout
    raise ReadTimeoutError(
urllib3.exceptions.ReadTimeoutError: HTTPSConnectionPool(host='api.wandb.ai', port=443): Read timed out. (read timeout=10)

During handling of the above exception, another exception occurred:

Traceback (most recent call last):
  File "/home/ant/miniforge3/envs/ssrl/lib/python3.9/site-packages/wandb/sdk/lib/retry.py", line 131, in __call__
    result = self._call_fn(*args, **kwargs)
  File "/home/ant/miniforge3/envs/ssrl/lib/python3.9/site-packages/wandb/sdk/internal/internal_api.py", line 321, in execute
    return self.client.execute(*args, **kwargs)  # type: ignore
  File "/home/ant/miniforge3/envs/ssrl/lib/python3.9/site-packages/wandb/vendor/gql-0.2.0/wandb_gql/client.py", line 52, in execute
    result = self._get_result(document, *args, **kwargs)
  File "/home/ant/miniforge3/envs/ssrl/lib/python3.9/site-packages/wandb/vendor/gql-0.2.0/wandb_gql/client.py", line 60, in _get_result
    return self.transport.execute(document, *args, **kwargs)
  File "/home/ant/miniforge3/envs/ssrl/lib/python3.9/site-packages/wandb/sdk/lib/gql_request.py", line 55, in execute
    request = self.session.post(self.url, **post_args)
  File "/home/ant/miniforge3/envs/ssrl/lib/python3.9/site-packages/requests/sessions.py", line 637, in post
    return self.request("POST", url, data=data, json=json, **kwargs)
  File "/home/ant/miniforge3/envs/ssrl/lib/python3.9/site-packages/requests/sessions.py", line 589, in request
    resp = self.send(prep, **send_kwargs)
  File "/home/ant/miniforge3/envs/ssrl/lib/python3.9/site-packages/requests/sessions.py", line 703, in send
    r = adapter.send(request, **kwargs)
  File "/home/ant/miniforge3/envs/ssrl/lib/python3.9/site-packages/requests/adapters.py", line 713, in send
    raise ReadTimeout(e, request=request)
requests.exceptions.ReadTimeout: HTTPSConnectionPool(host='api.wandb.ai', port=443): Read timed out. (read timeout=10)
2025-02-04 17:02:44,329 DEBUG   HandlerThread:62423 [handler.py:handle_request():144] handle_request: keepalive
2025-02-04 17:02:48,855 INFO    SenderThread:62423 [dir_watcher.py:__init__():211] watching files in: /home/ant/ssrl/ssrl/outputs/2025-02-04/17-02-01/wandb/run-20250204_170209-u1h64o3m/files
2025-02-04 17:02:48,856 INFO    SenderThread:62423 [sender.py:_start_run_threads():1100] run started: u1h64o3m with start time 1738677729.274141
2025-02-04 17:02:48,856 DEBUG   HandlerThread:62423 [handler.py:handle_request():144] handle_request: status_report
2025-02-04 17:02:48,859 DEBUG   SenderThread:62423 [sender.py:send_request():396] send_request: summary_record
2025-02-04 17:02:48,860 INFO    SenderThread:62423 [sender.py:_save_file():1354] saving file wandb-summary.json with policy end
2025-02-04 17:02:48,863 DEBUG   HandlerThread:62423 [handler.py:handle_request():144] handle_request: check_version
2025-02-04 17:02:48,864 DEBUG   SenderThread:62423 [sender.py:send_request():396] send_request: check_version
2025-02-04 17:02:49,348 DEBUG   HandlerThread:62423 [handler.py:handle_request():144] handle_request: run_start
2025-02-04 17:02:49,358 DEBUG   HandlerThread:62423 [system_info.py:__init__():31] System info init
2025-02-04 17:02:49,358 DEBUG   HandlerThread:62423 [system_info.py:__init__():46] System info init done
2025-02-04 17:02:49,358 INFO    HandlerThread:62423 [system_monitor.py:start():181] Starting system monitor
2025-02-04 17:02:49,358 INFO    SystemMonitor:62423 [system_monitor.py:_start():145] Starting system asset monitoring threads
2025-02-04 17:02:49,358 INFO    HandlerThread:62423 [system_monitor.py:probe():201] Collecting system info
2025-02-04 17:02:49,359 INFO    SystemMonitor:62423 [interfaces.py:start():190] Started cpu monitoring
2025-02-04 17:02:49,359 INFO    SystemMonitor:62423 [interfaces.py:start():190] Started disk monitoring
2025-02-04 17:02:49,359 INFO    SystemMonitor:62423 [interfaces.py:start():190] Started gpu monitoring
2025-02-04 17:02:49,360 INFO    SystemMonitor:62423 [interfaces.py:start():190] Started memory monitoring
2025-02-04 17:02:49,360 INFO    SystemMonitor:62423 [interfaces.py:start():190] Started network monitoring
2025-02-04 17:02:49,370 DEBUG   HandlerThread:62423 [system_info.py:probe():195] Probing system
2025-02-04 17:02:49,378 DEBUG   HandlerThread:62423 [system_info.py:_probe_git():180] Probing git
2025-02-04 17:02:49,398 DEBUG   HandlerThread:62423 [system_info.py:_probe_git():188] Probing git done
2025-02-04 17:02:49,399 DEBUG   HandlerThread:62423 [system_info.py:probe():240] Probing system done
2025-02-04 17:02:49,399 DEBUG   HandlerThread:62423 [system_monitor.py:probe():210] {'os': 'Linux-6.8.0-52-generic-x86_64-with-glibc2.39', 'python': '3.9.21', 'heartbeatAt': '2025-02-04T14:02:49.370492', 'startedAt': '2025-02-04T14:02:09.146931', 'docker': None, 'cuda': None, 'args': ('render_epoch_interval=1',), 'state': 'running', 'program': '/home/ant/ssrl/ssrl/scripts/aliengo_train.py', 'codePath': 'ssrl/scripts/aliengo_train.py', 'git': {'remote': 'git@github.com:antsrt/test_ssrl.git', 'commit': 'fa11aafbf2a7ae07ee9120b9eb89b8a9105ac496'}, 'email': 'an.tsaritsin@gamil.com', 'root': '/home/ant/ssrl', 'host': 'hellmachine', 'username': 'ant', 'executable': '/home/ant/miniforge3/envs/ssrl/bin/python', 'cpu_count': 6, 'cpu_count_logical': 12, 'cpu_freq': {'current': 4266.814416666667, 'min': 400.0, 'max': 4603.0}, 'cpu_freq_per_core': [{'current': 2133.178, 'min': 400.0, 'max': 4603.0}, {'current': 4267.019, 'min': 400.0, 'max': 4603.0}, {'current': 4267.026, 'min': 400.0, 'max': 4603.0}, {'current': 4260.727, 'min': 400.0, 'max': 4603.0}, {'current': 3628.174, 'min': 400.0, 'max': 4603.0}, {'current': 3285.617, 'min': 400.0, 'max': 4603.0}, {'current': 4267.063, 'min': 400.0, 'max': 4603.0}, {'current': 4265.27, 'min': 400.0, 'max': 4603.0}, {'current': 2461.139, 'min': 400.0, 'max': 4603.0}, {'current': 2290.788, 'min': 400.0, 'max': 4603.0}, {'current': 4061.583, 'min': 400.0, 'max': 4603.0}, {'current': 3293.272, 'min': 400.0, 'max': 4603.0}], 'disk': {'total': 114.6000747680664, 'used': 87.84748458862305}, 'gpu': 'NVIDIA GeForce RTX 4060 Laptop GPU', 'gpu_count': 1, 'gpu_devices': [{'name': 'NVIDIA GeForce RTX 4060 Laptop GPU', 'memory_total': 8585740288}], 'memory': {'total': 14.831611633300781}}
2025-02-04 17:02:49,399 INFO    HandlerThread:62423 [system_monitor.py:probe():211] Finished collecting system info
2025-02-04 17:02:49,399 INFO    HandlerThread:62423 [system_monitor.py:probe():214] Publishing system info
2025-02-04 17:02:49,399 DEBUG   HandlerThread:62423 [system_info.py:_save_pip():51] Saving list of pip packages installed into the current environment
2025-02-04 17:02:49,399 DEBUG   HandlerThread:62423 [system_info.py:_save_pip():67] Saving pip packages done
2025-02-04 17:02:49,399 DEBUG   HandlerThread:62423 [system_info.py:_save_conda():74] Saving list of conda packages installed into the current environment
2025-02-04 17:02:49,858 INFO    Thread-12 :62423 [dir_watcher.py:_on_file_created():272] file/dir created: /home/ant/ssrl/ssrl/outputs/2025-02-04/17-02-01/wandb/run-20250204_170209-u1h64o3m/files/requirements.txt
2025-02-04 17:02:49,858 INFO    Thread-12 :62423 [dir_watcher.py:_on_file_created():272] file/dir created: /home/ant/ssrl/ssrl/outputs/2025-02-04/17-02-01/wandb/run-20250204_170209-u1h64o3m/files/wandb-summary.json
2025-02-04 17:02:49,858 INFO    Thread-12 :62423 [dir_watcher.py:_on_file_created():272] file/dir created: /home/ant/ssrl/ssrl/outputs/2025-02-04/17-02-01/wandb/run-20250204_170209-u1h64o3m/files/conda-environment.yaml
2025-02-04 17:02:50,856 INFO    Thread-12 :62423 [dir_watcher.py:_on_file_modified():289] file/dir modified: /home/ant/ssrl/ssrl/outputs/2025-02-04/17-02-01/wandb/run-20250204_170209-u1h64o3m/files/conda-environment.yaml
2025-02-04 17:02:50,896 DEBUG   HandlerThread:62423 [system_info.py:_save_conda():86] Saving conda packages done
2025-02-04 17:02:50,896 INFO    HandlerThread:62423 [system_monitor.py:probe():216] Finished publishing system info
2025-02-04 17:02:50,898 DEBUG   SenderThread:62423 [sender.py:send():369] send: files
2025-02-04 17:02:50,899 INFO    SenderThread:62423 [sender.py:_save_file():1354] saving file wandb-metadata.json with policy now
2025-02-04 17:02:50,903 DEBUG   HandlerThread:62423 [handler.py:handle_request():144] handle_request: stop_status
2025-02-04 17:02:50,903 DEBUG   SenderThread:62423 [sender.py:send_request():396] send_request: stop_status
2025-02-04 17:02:51,523 INFO    wandb-upload_0:62423 [upload_job.py:push():133] Uploaded file /tmp/tmpabw37yimwandb/w12zcq0j-wandb-metadata.json
2025-02-04 17:02:51,554 DEBUG   SenderThread:62423 [sender.py:send():369] send: telemetry
2025-02-04 17:02:51,857 INFO    Thread-12 :62423 [dir_watcher.py:_on_file_created():272] file/dir created: /home/ant/ssrl/ssrl/outputs/2025-02-04/17-02-01/wandb/run-20250204_170209-u1h64o3m/files/output.log
2025-02-04 17:02:51,857 INFO    Thread-12 :62423 [dir_watcher.py:_on_file_created():272] file/dir created: /home/ant/ssrl/ssrl/outputs/2025-02-04/17-02-01/wandb/run-20250204_170209-u1h64o3m/files/wandb-metadata.json
2025-02-04 17:02:53,858 INFO    Thread-12 :62423 [dir_watcher.py:_on_file_modified():289] file/dir modified: /home/ant/ssrl/ssrl/outputs/2025-02-04/17-02-01/wandb/run-20250204_170209-u1h64o3m/files/output.log
2025-02-04 17:02:54,574 DEBUG   HandlerThread:62423 [handler.py:handle_request():144] handle_request: status_report
2025-02-04 17:02:55,858 INFO    Thread-12 :62423 [dir_watcher.py:_on_file_modified():289] file/dir modified: /home/ant/ssrl/ssrl/outputs/2025-02-04/17-02-01/wandb/run-20250204_170209-u1h64o3m/files/output.log
2025-02-04 17:02:57,859 INFO    Thread-12 :62423 [dir_watcher.py:_on_file_modified():289] file/dir modified: /home/ant/ssrl/ssrl/outputs/2025-02-04/17-02-01/wandb/run-20250204_170209-u1h64o3m/files/output.log
2025-02-04 17:02:59,860 INFO    Thread-12 :62423 [dir_watcher.py:_on_file_modified():289] file/dir modified: /home/ant/ssrl/ssrl/outputs/2025-02-04/17-02-01/wandb/run-20250204_170209-u1h64o3m/files/output.log
2025-02-04 17:03:00,134 DEBUG   HandlerThread:62423 [handler.py:handle_request():144] handle_request: status_report
2025-02-04 17:03:05,135 DEBUG   HandlerThread:62423 [handler.py:handle_request():144] handle_request: status_report
2025-02-04 17:03:06,601 DEBUG   HandlerThread:62423 [handler.py:handle_request():144] handle_request: stop_status
2025-02-04 17:03:06,601 DEBUG   SenderThread:62423 [sender.py:send_request():396] send_request: stop_status
2025-02-04 17:03:10,767 DEBUG   HandlerThread:62423 [handler.py:handle_request():144] handle_request: status_report
2025-02-04 17:03:15,768 DEBUG   HandlerThread:62423 [handler.py:handle_request():144] handle_request: status_report
2025-02-04 17:03:20,771 DEBUG   HandlerThread:62423 [handler.py:handle_request():144] handle_request: status_report
2025-02-04 17:03:21,285 DEBUG   HandlerThread:62423 [handler.py:handle_request():144] handle_request: stop_status
2025-02-04 17:03:21,285 DEBUG   SenderThread:62423 [sender.py:send_request():396] send_request: stop_status
2025-02-04 17:03:21,866 INFO    Thread-12 :62423 [dir_watcher.py:_on_file_modified():289] file/dir modified: /home/ant/ssrl/ssrl/outputs/2025-02-04/17-02-01/wandb/run-20250204_170209-u1h64o3m/files/config.yaml
2025-02-04 17:03:26,473 DEBUG   HandlerThread:62423 [handler.py:handle_request():144] handle_request: status_report
2025-02-04 17:03:31,474 DEBUG   HandlerThread:62423 [handler.py:handle_request():144] handle_request: status_report
2025-02-04 17:03:36,285 DEBUG   HandlerThread:62423 [handler.py:handle_request():144] handle_request: stop_status
2025-02-04 17:03:36,285 DEBUG   SenderThread:62423 [sender.py:send_request():396] send_request: stop_status
2025-02-04 17:03:36,498 DEBUG   HandlerThread:62423 [handler.py:handle_request():144] handle_request: status_report
2025-02-04 17:03:41,499 DEBUG   HandlerThread:62423 [handler.py:handle_request():144] handle_request: status_report
2025-02-04 17:03:46,500 DEBUG   HandlerThread:62423 [handler.py:handle_request():144] handle_request: status_report
2025-02-04 17:03:49,360 DEBUG   SystemMonitor:62423 [system_monitor.py:_start():159] Starting system metrics aggregation loop
2025-02-04 17:03:49,361 DEBUG   SenderThread:62423 [sender.py:send():369] send: stats
2025-02-04 17:03:51,285 DEBUG   HandlerThread:62423 [handler.py:handle_request():144] handle_request: stop_status
2025-02-04 17:03:51,286 DEBUG   SenderThread:62423 [sender.py:send_request():396] send_request: stop_status
2025-02-04 17:03:51,507 DEBUG   HandlerThread:62423 [handler.py:handle_request():144] handle_request: status_report
2025-02-04 17:03:56,508 DEBUG   HandlerThread:62423 [handler.py:handle_request():144] handle_request: status_report
2025-02-04 17:03:59,909 DEBUG   HandlerThread:62423 [handler.py:handle_request():144] handle_request: partial_history
2025-02-04 17:03:59,911 DEBUG   SenderThread:62423 [sender.py:send():369] send: history
2025-02-04 17:03:59,911 DEBUG   SenderThread:62423 [sender.py:send_request():396] send_request: summary_record
2025-02-04 17:03:59,913 INFO    SenderThread:62423 [sender.py:_save_file():1354] saving file wandb-summary.json with policy end
2025-02-04 17:04:00,878 INFO    Thread-12 :62423 [dir_watcher.py:_on_file_modified():289] file/dir modified: /home/ant/ssrl/ssrl/outputs/2025-02-04/17-02-01/wandb/run-20250204_170209-u1h64o3m/files/wandb-summary.json
2025-02-04 17:04:01,879 INFO    Thread-12 :62423 [dir_watcher.py:_on_file_modified():289] file/dir modified: /home/ant/ssrl/ssrl/outputs/2025-02-04/17-02-01/wandb/run-20250204_170209-u1h64o3m/files/output.log
2025-02-04 17:04:01,913 DEBUG   HandlerThread:62423 [handler.py:handle_request():144] handle_request: status_report
2025-02-04 17:04:06,285 DEBUG   HandlerThread:62423 [handler.py:handle_request():144] handle_request: stop_status
2025-02-04 17:04:06,285 DEBUG   SenderThread:62423 [sender.py:send_request():396] send_request: stop_status
2025-02-04 17:04:07,526 DEBUG   HandlerThread:62423 [handler.py:handle_request():144] handle_request: status_report
2025-02-04 17:04:12,527 DEBUG   HandlerThread:62423 [handler.py:handle_request():144] handle_request: status_report
2025-02-04 17:04:17,528 DEBUG   HandlerThread:62423 [handler.py:handle_request():144] handle_request: status_report
2025-02-04 17:04:19,362 DEBUG   SenderThread:62423 [sender.py:send():369] send: stats
2025-02-04 17:04:21,285 DEBUG   HandlerThread:62423 [handler.py:handle_request():144] handle_request: stop_status
2025-02-04 17:04:21,286 DEBUG   SenderThread:62423 [sender.py:send_request():396] send_request: stop_status
2025-02-04 17:04:26,287 DEBUG   HandlerThread:62423 [handler.py:handle_request():144] handle_request: keepalive
2025-02-04 17:04:31,287 DEBUG   HandlerThread:62423 [handler.py:handle_request():144] handle_request: keepalive
2025-02-04 17:04:32,731 DEBUG   HandlerThread:62423 [handler.py:handle_request():144] handle_request: status_report
2025-02-04 17:04:36,285 DEBUG   HandlerThread:62423 [handler.py:handle_request():144] handle_request: stop_status
2025-02-04 17:04:36,286 DEBUG   SenderThread:62423 [sender.py:send_request():396] send_request: stop_status
2025-02-04 17:04:38,496 DEBUG   HandlerThread:62423 [handler.py:handle_request():144] handle_request: status_report
2025-02-04 17:04:43,497 DEBUG   HandlerThread:62423 [handler.py:handle_request():144] handle_request: status_report
2025-02-04 17:04:48,497 DEBUG   HandlerThread:62423 [handler.py:handle_request():144] handle_request: status_report
2025-02-04 17:04:49,363 DEBUG   SenderThread:62423 [sender.py:send():369] send: stats
2025-02-04 17:04:51,285 DEBUG   HandlerThread:62423 [handler.py:handle_request():144] handle_request: stop_status
2025-02-04 17:04:51,286 DEBUG   SenderThread:62423 [sender.py:send_request():396] send_request: stop_status
2025-02-04 17:04:54,467 DEBUG   HandlerThread:62423 [handler.py:handle_request():144] handle_request: status_report
2025-02-04 17:04:59,467 DEBUG   HandlerThread:62423 [handler.py:handle_request():144] handle_request: status_report
2025-02-04 17:05:04,468 DEBUG   HandlerThread:62423 [handler.py:handle_request():144] handle_request: status_report
2025-02-04 17:05:06,286 DEBUG   HandlerThread:62423 [handler.py:handle_request():144] handle_request: stop_status
2025-02-04 17:05:06,286 DEBUG   HandlerThread:62423 [handler.py:handle_request():144] handle_request: keepalive
2025-02-04 17:05:06,286 DEBUG   SenderThread:62423 [sender.py:send_request():396] send_request: stop_status
2025-02-04 17:05:09,487 DEBUG   HandlerThread:62423 [handler.py:handle_request():144] handle_request: status_report
2025-02-04 17:05:13,901 INFO    Thread-12 :62423 [dir_watcher.py:_on_file_modified():289] file/dir modified: /home/ant/ssrl/ssrl/outputs/2025-02-04/17-02-01/wandb/run-20250204_170209-u1h64o3m/files/output.log
2025-02-04 17:05:15,143 DEBUG   HandlerThread:62423 [handler.py:handle_request():144] handle_request: status_report
2025-02-04 17:05:19,363 DEBUG   SenderThread:62423 [sender.py:send():369] send: stats
2025-02-04 17:05:20,363 DEBUG   HandlerThread:62423 [handler.py:handle_request():144] handle_request: status_report
2025-02-04 17:05:21,296 DEBUG   HandlerThread:62423 [handler.py:handle_request():144] handle_request: keepalive
2025-02-04 17:05:21,321 DEBUG   HandlerThread:62423 [handler.py:handle_request():144] handle_request: stop_status
2025-02-04 17:05:21,322 DEBUG   SenderThread:62423 [sender.py:send_request():396] send_request: stop_status
2025-02-04 17:05:24,844 DEBUG   HandlerThread:62423 [handler.py:handle_request():144] handle_request: partial_history
2025-02-04 17:05:24,844 DEBUG   SenderThread:62423 [sender.py:send():369] send: files
2025-02-04 17:05:24,844 INFO    SenderThread:62423 [sender.py:_save_file():1354] saving file media/html/Render at step 0_1_b54dd57904efd89043d9.html with policy now
2025-02-04 17:05:24,845 DEBUG   SenderThread:62423 [sender.py:send():369] send: history
2025-02-04 17:05:24,845 DEBUG   SenderThread:62423 [sender.py:send_request():396] send_request: summary_record
2025-02-04 17:05:24,845 INFO    SenderThread:62423 [sender.py:_save_file():1354] saving file wandb-summary.json with policy end
2025-02-04 17:05:24,904 INFO    Thread-12 :62423 [dir_watcher.py:_on_file_modified():289] file/dir modified: /home/ant/ssrl/ssrl/outputs/2025-02-04/17-02-01/wandb/run-20250204_170209-u1h64o3m/files/wandb-summary.json
2025-02-04 17:05:24,904 INFO    Thread-12 :62423 [dir_watcher.py:_on_file_created():272] file/dir created: /home/ant/ssrl/ssrl/outputs/2025-02-04/17-02-01/wandb/run-20250204_170209-u1h64o3m/files/media/html/Render at step 0_1_b54dd57904efd89043d9.html
2025-02-04 17:05:24,904 INFO    Thread-12 :62423 [dir_watcher.py:_on_file_created():272] file/dir created: /home/ant/ssrl/ssrl/outputs/2025-02-04/17-02-01/wandb/run-20250204_170209-u1h64o3m/files/media/html
2025-02-04 17:05:24,904 INFO    Thread-12 :62423 [dir_watcher.py:_on_file_created():272] file/dir created: /home/ant/ssrl/ssrl/outputs/2025-02-04/17-02-01/wandb/run-20250204_170209-u1h64o3m/files/media
2025-02-04 17:05:25,846 DEBUG   HandlerThread:62423 [handler.py:handle_request():144] handle_request: status_report
2025-02-04 17:05:30,846 DEBUG   HandlerThread:62423 [handler.py:handle_request():144] handle_request: status_report
2025-02-04 17:05:35,847 DEBUG   HandlerThread:62423 [handler.py:handle_request():144] handle_request: status_report
2025-02-04 17:05:36,291 DEBUG   HandlerThread:62423 [handler.py:handle_request():144] handle_request: stop_status
2025-02-04 17:05:36,292 DEBUG   SenderThread:62423 [sender.py:send_request():396] send_request: stop_status
2025-02-04 17:05:41,542 DEBUG   HandlerThread:62423 [handler.py:handle_request():144] handle_request: status_report
2025-02-04 17:05:46,542 DEBUG   HandlerThread:62423 [handler.py:handle_request():144] handle_request: status_report
2025-02-04 17:05:49,364 DEBUG   SenderThread:62423 [sender.py:send():369] send: stats
2025-02-04 17:05:51,291 DEBUG   HandlerThread:62423 [handler.py:handle_request():144] handle_request: stop_status
2025-02-04 17:05:51,292 DEBUG   SenderThread:62423 [sender.py:send_request():396] send_request: stop_status
2025-02-04 17:05:52,497 DEBUG   HandlerThread:62423 [handler.py:handle_request():144] handle_request: status_report
2025-02-04 17:05:57,497 DEBUG   HandlerThread:62423 [handler.py:handle_request():144] handle_request: status_report
2025-02-04 17:06:02,498 DEBUG   HandlerThread:62423 [handler.py:handle_request():144] handle_request: status_report
2025-02-04 17:06:06,291 DEBUG   HandlerThread:62423 [handler.py:handle_request():144] handle_request: stop_status
2025-02-04 17:06:06,292 DEBUG   SenderThread:62423 [sender.py:send_request():396] send_request: stop_status
2025-02-04 17:06:07,539 DEBUG   HandlerThread:62423 [handler.py:handle_request():144] handle_request: status_report
2025-02-04 17:06:12,539 DEBUG   HandlerThread:62423 [handler.py:handle_request():144] handle_request: status_report
2025-02-04 17:06:17,540 DEBUG   HandlerThread:62423 [handler.py:handle_request():144] handle_request: status_report
2025-02-04 17:06:19,364 DEBUG   SenderThread:62423 [sender.py:send():369] send: stats
2025-02-04 17:06:21,291 DEBUG   HandlerThread:62423 [handler.py:handle_request():144] handle_request: stop_status
2025-02-04 17:06:21,292 DEBUG   SenderThread:62423 [sender.py:send_request():396] send_request: stop_status
2025-02-04 17:06:22,554 DEBUG   HandlerThread:62423 [handler.py:handle_request():144] handle_request: status_report
2025-02-04 17:06:27,555 DEBUG   HandlerThread:62423 [handler.py:handle_request():144] handle_request: status_report
2025-02-04 17:06:28,349 DEBUG   SenderThread:62423 [sender.py:send():369] send: exit
2025-02-04 17:06:28,349 INFO    SenderThread:62423 [sender.py:send_exit():574] handling exit code: 255
2025-02-04 17:06:28,350 INFO    SenderThread:62423 [sender.py:send_exit():576] handling runtime: 218
2025-02-04 17:06:28,350 INFO    SenderThread:62423 [sender.py:_save_file():1354] saving file wandb-summary.json with policy end
2025-02-04 17:06:28,350 INFO    SenderThread:62423 [sender.py:send_exit():582] send defer
2025-02-04 17:06:28,350 DEBUG   HandlerThread:62423 [handler.py:handle_request():144] handle_request: defer
2025-02-04 17:06:28,350 INFO    HandlerThread:62423 [handler.py:handle_request_defer():170] handle defer: 0
2025-02-04 17:06:28,350 DEBUG   SenderThread:62423 [sender.py:send_request():396] send_request: defer
2025-02-04 17:06:28,350 INFO    SenderThread:62423 [sender.py:send_request_defer():598] handle sender defer: 0
2025-02-04 17:06:28,350 INFO    SenderThread:62423 [sender.py:transition_state():602] send defer: 1
2025-02-04 17:06:28,350 DEBUG   HandlerThread:62423 [handler.py:handle_request():144] handle_request: defer
2025-02-04 17:06:28,351 INFO    HandlerThread:62423 [handler.py:handle_request_defer():170] handle defer: 1
2025-02-04 17:06:28,351 DEBUG   SenderThread:62423 [sender.py:send_request():396] send_request: defer
2025-02-04 17:06:28,351 INFO    SenderThread:62423 [sender.py:send_request_defer():598] handle sender defer: 1
2025-02-04 17:06:28,351 INFO    SenderThread:62423 [sender.py:transition_state():602] send defer: 2
2025-02-04 17:06:28,351 DEBUG   HandlerThread:62423 [handler.py:handle_request():144] handle_request: defer
2025-02-04 17:06:28,351 INFO    HandlerThread:62423 [handler.py:handle_request_defer():170] handle defer: 2
2025-02-04 17:06:28,351 INFO    HandlerThread:62423 [system_monitor.py:finish():190] Stopping system monitor
2025-02-04 17:06:28,351 INFO    HandlerThread:62423 [interfaces.py:finish():202] Joined cpu monitor
2025-02-04 17:06:28,351 INFO    HandlerThread:62423 [interfaces.py:finish():202] Joined disk monitor
2025-02-04 17:06:28,351 DEBUG   SystemMonitor:62423 [system_monitor.py:_start():166] Finished system metrics aggregation loop
2025-02-04 17:06:28,352 DEBUG   SystemMonitor:62423 [system_monitor.py:_start():170] Publishing last batch of metrics
2025-02-04 17:06:28,402 INFO    HandlerThread:62423 [interfaces.py:finish():202] Joined gpu monitor
2025-02-04 17:06:28,402 INFO    HandlerThread:62423 [interfaces.py:finish():202] Joined memory monitor
2025-02-04 17:06:28,402 INFO    HandlerThread:62423 [interfaces.py:finish():202] Joined network monitor
2025-02-04 17:06:28,402 DEBUG   SenderThread:62423 [sender.py:send_request():396] send_request: defer
2025-02-04 17:06:28,402 INFO    SenderThread:62423 [sender.py:send_request_defer():598] handle sender defer: 2
2025-02-04 17:06:28,402 INFO    SenderThread:62423 [sender.py:transition_state():602] send defer: 3
2025-02-04 17:06:28,402 DEBUG   SenderThread:62423 [sender.py:send():369] send: stats
2025-02-04 17:06:28,402 DEBUG   HandlerThread:62423 [handler.py:handle_request():144] handle_request: defer
2025-02-04 17:06:28,402 INFO    HandlerThread:62423 [handler.py:handle_request_defer():170] handle defer: 3
2025-02-04 17:06:28,403 DEBUG   SenderThread:62423 [sender.py:send_request():396] send_request: defer
2025-02-04 17:06:28,403 INFO    SenderThread:62423 [sender.py:send_request_defer():598] handle sender defer: 3
2025-02-04 17:06:28,403 INFO    SenderThread:62423 [sender.py:transition_state():602] send defer: 4
2025-02-04 17:06:28,403 DEBUG   HandlerThread:62423 [handler.py:handle_request():144] handle_request: defer
2025-02-04 17:06:28,403 INFO    HandlerThread:62423 [handler.py:handle_request_defer():170] handle defer: 4
2025-02-04 17:06:28,403 DEBUG   SenderThread:62423 [sender.py:send_request():396] send_request: defer
2025-02-04 17:06:28,403 INFO    SenderThread:62423 [sender.py:send_request_defer():598] handle sender defer: 4
2025-02-04 17:06:28,403 INFO    SenderThread:62423 [sender.py:transition_state():602] send defer: 5
2025-02-04 17:06:28,403 DEBUG   HandlerThread:62423 [handler.py:handle_request():144] handle_request: defer
2025-02-04 17:06:28,403 INFO    HandlerThread:62423 [handler.py:handle_request_defer():170] handle defer: 5
2025-02-04 17:06:28,403 DEBUG   SenderThread:62423 [sender.py:send():369] send: summary
2025-02-04 17:06:28,403 INFO    SenderThread:62423 [sender.py:_save_file():1354] saving file wandb-summary.json with policy end
2025-02-04 17:06:28,404 DEBUG   SenderThread:62423 [sender.py:send_request():396] send_request: defer
2025-02-04 17:06:28,404 INFO    SenderThread:62423 [sender.py:send_request_defer():598] handle sender defer: 5
2025-02-04 17:06:28,404 INFO    SenderThread:62423 [sender.py:transition_state():602] send defer: 6
2025-02-04 17:06:28,404 DEBUG   HandlerThread:62423 [handler.py:handle_request():144] handle_request: defer
2025-02-04 17:06:28,404 INFO    HandlerThread:62423 [handler.py:handle_request_defer():170] handle defer: 6
2025-02-04 17:06:28,404 DEBUG   SenderThread:62423 [sender.py:send_request():396] send_request: defer
2025-02-04 17:06:28,404 INFO    SenderThread:62423 [sender.py:send_request_defer():598] handle sender defer: 6
2025-02-04 17:06:28,404 INFO    SenderThread:62423 [sender.py:transition_state():602] send defer: 7
2025-02-04 17:06:28,404 DEBUG   HandlerThread:62423 [handler.py:handle_request():144] handle_request: status_report
2025-02-04 17:06:28,404 DEBUG   HandlerThread:62423 [handler.py:handle_request():144] handle_request: defer
2025-02-04 17:06:28,404 INFO    HandlerThread:62423 [handler.py:handle_request_defer():170] handle defer: 7
2025-02-04 17:06:28,404 DEBUG   SenderThread:62423 [sender.py:send_request():396] send_request: defer
2025-02-04 17:06:28,404 INFO    SenderThread:62423 [sender.py:send_request_defer():598] handle sender defer: 7
2025-02-04 17:06:28,928 INFO    Thread-12 :62423 [dir_watcher.py:_on_file_modified():289] file/dir modified: /home/ant/ssrl/ssrl/outputs/2025-02-04/17-02-01/wandb/run-20250204_170209-u1h64o3m/files/wandb-summary.json
2025-02-04 17:06:29,348 DEBUG   HandlerThread:62423 [handler.py:handle_request():144] handle_request: poll_exit
2025-02-04 17:06:29,831 INFO    SenderThread:62423 [sender.py:transition_state():602] send defer: 8
2025-02-04 17:06:29,831 DEBUG   SenderThread:62423 [sender.py:send_request():396] send_request: poll_exit
2025-02-04 17:06:29,831 DEBUG   HandlerThread:62423 [handler.py:handle_request():144] handle_request: defer
2025-02-04 17:06:29,831 INFO    HandlerThread:62423 [handler.py:handle_request_defer():170] handle defer: 8
2025-02-04 17:06:29,832 DEBUG   SenderThread:62423 [sender.py:send_request():396] send_request: defer
2025-02-04 17:06:29,832 INFO    SenderThread:62423 [sender.py:send_request_defer():598] handle sender defer: 8
2025-02-04 17:06:29,832 INFO    SenderThread:62423 [job_builder.py:build():240] Attempting to build job artifact
2025-02-04 17:06:29,832 INFO    SenderThread:62423 [job_builder.py:build():264] is repo sourced job
2025-02-04 17:06:29,834 INFO    SenderThread:62423 [job_builder.py:build():305] adding wandb-job metadata file
2025-02-04 17:06:29,841 INFO    SenderThread:62423 [sender.py:transition_state():602] send defer: 9
2025-02-04 17:06:29,841 DEBUG   SenderThread:62423 [sender.py:send():369] send: artifact
2025-02-04 17:06:29,843 DEBUG   HandlerThread:62423 [handler.py:handle_request():144] handle_request: defer
2025-02-04 17:06:29,843 INFO    HandlerThread:62423 [handler.py:handle_request_defer():170] handle defer: 9
2025-02-04 17:06:29,929 INFO    Thread-12 :62423 [dir_watcher.py:_on_file_modified():289] file/dir modified: /home/ant/ssrl/ssrl/outputs/2025-02-04/17-02-01/wandb/run-20250204_170209-u1h64o3m/files/output.log
2025-02-04 17:06:30,350 DEBUG   HandlerThread:62423 [handler.py:handle_request():144] handle_request: poll_exit
2025-02-04 17:06:30,751 INFO    SenderThread:62423 [sender.py:send_artifact():1450] sent artifact job-git_github.com_antsrt_test_ssrl.git_ssrl_scripts_aliengo_train.py - {'id': 'QXJ0aWZhY3Q6MTQ4ODc5OTcxNg==', 'digest': '683d89bb9153f0bf382d77a9851a7f35', 'state': 'COMMITTED', 'aliases': [{'artifactCollectionName': 'job-git_github.com_antsrt_test_ssrl.git_ssrl_scripts_aliengo_train.py', 'alias': 'latest'}, {'artifactCollectionName': 'job-git_github.com_antsrt_test_ssrl.git_ssrl_scripts_aliengo_train.py', 'alias': 'v3'}], 'artifactSequence': {'id': 'QXJ0aWZhY3RDb2xsZWN0aW9uOjU1Njk4NTgxMw==', 'latestArtifact': {'id': 'QXJ0aWZhY3Q6MTQ4ODc5OTcxNg==', 'versionIndex': 3}}, 'version': 'v3'}
2025-02-04 17:06:30,751 DEBUG   SenderThread:62423 [sender.py:send_request():396] send_request: defer
2025-02-04 17:06:30,752 INFO    SenderThread:62423 [sender.py:send_request_defer():598] handle sender defer: 9
2025-02-04 17:06:30,752 INFO    SenderThread:62423 [dir_watcher.py:finish():359] shutting down directory watcher
2025-02-04 17:06:30,929 INFO    SenderThread:62423 [dir_watcher.py:finish():389] scan: /home/ant/ssrl/ssrl/outputs/2025-02-04/17-02-01/wandb/run-20250204_170209-u1h64o3m/files
2025-02-04 17:06:30,930 INFO    SenderThread:62423 [dir_watcher.py:finish():403] scan save: /home/ant/ssrl/ssrl/outputs/2025-02-04/17-02-01/wandb/run-20250204_170209-u1h64o3m/files/output.log output.log
2025-02-04 17:06:30,930 INFO    SenderThread:62423 [dir_watcher.py:finish():403] scan save: /home/ant/ssrl/ssrl/outputs/2025-02-04/17-02-01/wandb/run-20250204_170209-u1h64o3m/files/conda-environment.yaml conda-environment.yaml
2025-02-04 17:06:30,930 INFO    SenderThread:62423 [dir_watcher.py:finish():403] scan save: /home/ant/ssrl/ssrl/outputs/2025-02-04/17-02-01/wandb/run-20250204_170209-u1h64o3m/files/wandb-summary.json wandb-summary.json
2025-02-04 17:06:30,932 INFO    SenderThread:62423 [dir_watcher.py:finish():403] scan save: /home/ant/ssrl/ssrl/outputs/2025-02-04/17-02-01/wandb/run-20250204_170209-u1h64o3m/files/wandb-metadata.json wandb-metadata.json
2025-02-04 17:06:30,932 INFO    SenderThread:62423 [dir_watcher.py:finish():403] scan save: /home/ant/ssrl/ssrl/outputs/2025-02-04/17-02-01/wandb/run-20250204_170209-u1h64o3m/files/requirements.txt requirements.txt
2025-02-04 17:06:30,932 INFO    SenderThread:62423 [dir_watcher.py:finish():403] scan save: /home/ant/ssrl/ssrl/outputs/2025-02-04/17-02-01/wandb/run-20250204_170209-u1h64o3m/files/config.yaml config.yaml
2025-02-04 17:06:30,939 INFO    SenderThread:62423 [dir_watcher.py:finish():403] scan save: /home/ant/ssrl/ssrl/outputs/2025-02-04/17-02-01/wandb/run-20250204_170209-u1h64o3m/files/media/html/Render at step 0_1_b54dd57904efd89043d9.html media/html/Render at step 0_1_b54dd57904efd89043d9.html
2025-02-04 17:06:30,939 INFO    SenderThread:62423 [sender.py:transition_state():602] send defer: 10
2025-02-04 17:06:30,939 DEBUG   SenderThread:62423 [sender.py:send_request():396] send_request: poll_exit
2025-02-04 17:06:30,939 DEBUG   HandlerThread:62423 [handler.py:handle_request():144] handle_request: defer
2025-02-04 17:06:30,939 INFO    HandlerThread:62423 [handler.py:handle_request_defer():170] handle defer: 10
2025-02-04 17:06:30,939 DEBUG   SenderThread:62423 [sender.py:send_request():396] send_request: defer
2025-02-04 17:06:30,939 INFO    SenderThread:62423 [sender.py:send_request_defer():598] handle sender defer: 10
2025-02-04 17:06:30,940 INFO    SenderThread:62423 [file_pusher.py:finish():159] shutting down file pusher
2025-02-04 17:06:31,350 DEBUG   HandlerThread:62423 [handler.py:handle_request():144] handle_request: poll_exit
2025-02-04 17:06:31,351 DEBUG   SenderThread:62423 [sender.py:send_request():396] send_request: poll_exit
2025-02-04 17:06:31,718 INFO    wandb-upload_1:62423 [upload_job.py:push():133] Uploaded file /home/ant/ssrl/ssrl/outputs/2025-02-04/17-02-01/wandb/run-20250204_170209-u1h64o3m/files/output.log
2025-02-04 17:06:32,016 INFO    wandb-upload_4:62423 [upload_job.py:push():133] Uploaded file /home/ant/ssrl/ssrl/outputs/2025-02-04/17-02-01/wandb/run-20250204_170209-u1h64o3m/files/requirements.txt
2025-02-04 17:06:32,192 INFO    wandb-upload_3:62423 [upload_job.py:push():133] Uploaded file /home/ant/ssrl/ssrl/outputs/2025-02-04/17-02-01/wandb/run-20250204_170209-u1h64o3m/files/wandb-summary.json
2025-02-04 17:06:32,300 INFO    wandb-upload_5:62423 [upload_job.py:push():133] Uploaded file /home/ant/ssrl/ssrl/outputs/2025-02-04/17-02-01/wandb/run-20250204_170209-u1h64o3m/files/config.yaml
2025-02-04 17:06:32,351 DEBUG   HandlerThread:62423 [handler.py:handle_request():144] handle_request: poll_exit
2025-02-04 17:06:32,351 DEBUG   SenderThread:62423 [sender.py:send_request():396] send_request: poll_exit
2025-02-04 17:06:33,352 DEBUG   HandlerThread:62423 [handler.py:handle_request():144] handle_request: poll_exit
2025-02-04 17:06:33,352 DEBUG   SenderThread:62423 [sender.py:send_request():396] send_request: poll_exit
2025-02-04 17:06:34,352 DEBUG   HandlerThread:62423 [handler.py:handle_request():144] handle_request: poll_exit
2025-02-04 17:06:34,353 DEBUG   SenderThread:62423 [sender.py:send_request():396] send_request: poll_exit
2025-02-04 17:06:34,419 WARNING StreamThr :62423 [internal.py:is_dead():414] Internal process exiting, parent pid 62335 disappeared
2025-02-04 17:06:34,420 ERROR   StreamThr :62423 [internal.py:wandb_internal():152] Internal process shutdown.
2025-02-04 17:06:35,353 INFO    HandlerThread:62423 [handler.py:finish():854] shutting down handler
2025-02-04 17:06:35,353 INFO    WriterThread:62423 [datastore.py:close():298] close: /home/ant/ssrl/ssrl/outputs/2025-02-04/17-02-01/wandb/run-20250204_170209-u1h64o3m/run-u1h64o3m.wandb
2025-02-04 17:06:35,353 INFO    SenderThread:62423 [sender.py:finish():1526] shutting down sender
2025-02-04 17:06:35,353 INFO    SenderThread:62423 [file_pusher.py:finish():159] shutting down file pusher
2025-02-04 17:06:35,353 INFO    SenderThread:62423 [file_pusher.py:join():164] waiting for file pusher
2025-02-04 17:06:43,107 INFO    wandb-upload_2:62423 [upload_job.py:push():133] Uploaded file /home/ant/ssrl/ssrl/outputs/2025-02-04/17-02-01/wandb/run-20250204_170209-u1h64o3m/files/conda-environment.yaml
