run_name: null
sweep_name: null
env: Go1GoFast
algo: ssrl
gpus: '0'
num_seeds: 1
ssrl_dynamics_fn: contact_integrate_only
render_during_training: true
render_epoch_interval: 15
render_seed: 0
common:
  action_repeat: 1
  obs_history_length: 5
  normalize_observations: true
  forces_in_q_coords: true
actor_network:
  hidden_layers: 2
  hidden_size: 512
  activation: swish
  max_std: null
critic_network:
  hidden_layers: 2
  hidden_size: 512
env_common:
  policy_repeat: 4
  forward_vel_rew_weight: 2.0
  turn_rew_weight: 0.5
  pitch_rew_weight: 0.25
  roll_rew_weight: 0.25
  yaw_rew_weight: 0.5
  side_motion_rew_weight: 0.5
  z_vel_change_rew_weight: 0.15
  ang_vel_rew_weight: 0.0
  ang_change_rew_weight: 0.25
  joint_lim_rew_weight: 0.0
  torque_lim_rew_weight: 0.0
  joint_acc_rew_weight: 0.0
  action_rew_weight: 0.0
  cosmetic_rew_weight: 0.0
  energy_rew_weight: 0.25
  foot_z_rew_weight: 0.0
  torque_lim_penalty_weight: 0.1
  fallen_roll: 0.785
  fallen_pitch: 0.785
  include_height_in_obs: false
  gains_in_action_space: false
  reward_type: normalized
env_sac:
  policy_repeat: ${env_common.policy_repeat}
  forward_cmd_vel_type: constant
  forward_cmd_vel_range: 0.0
  forward_cmd_vel_period_range:
  - 40.0
  - 40.0
  turn_cmd_rate_range:
  - -0.0
  - 0.0
  initial_yaw_range:
  - -0.0
  - 0.0
  contact_time_const: 0.02
  contact_damping_ratio: 1.0
  friction_range:
  - 0.6
  - 0.6
  ground_roll_range:
  - 0.0
  - 0.0
  ground_pitch_range:
  - 0.0
  - 0.0
  joint_damping_perc_range:
  - 1.0
  - 1.0
  joint_gain_range:
  - 1.0
  - 1.0
  link_mass_perc_range:
  - 1.0
  - 1.0
  forward_vel_rew_weight: ${env_common.forward_vel_rew_weight}
  turn_rew_weight: ${env_common.turn_rew_weight}
  pitch_rew_weight: ${env_common.pitch_rew_weight}
  roll_rew_weight: ${env_common.roll_rew_weight}
  yaw_rew_weight: ${env_common.yaw_rew_weight}
  side_motion_rew_weight: ${env_common.side_motion_rew_weight}
  z_vel_change_rew_weight: ${env_common.z_vel_change_rew_weight}
  ang_vel_rew_weight: ${env_common.ang_vel_rew_weight}
  ang_change_rew_weight: ${env_common.ang_change_rew_weight}
  joint_lim_rew_weight: ${env_common.joint_lim_rew_weight}
  torque_lim_rew_weight: ${env_common.torque_lim_rew_weight}
  joint_acc_rew_weight: ${env_common.joint_acc_rew_weight}
  action_rew_weight: ${env_common.action_rew_weight}
  cosmetic_rew_weight: ${env_common.cosmetic_rew_weight}
  energy_rew_weight: ${env_common.energy_rew_weight}
  foot_z_rew_weight: ${env_common.foot_z_rew_weight}
  torque_lim_penalty_weight: ${env_common.torque_lim_penalty_weight}
  fallen_roll: ${env_common.fallen_roll}
  fallen_pitch: ${env_common.fallen_pitch}
  forces_in_q_coords: ${common.forces_in_q_coords}
  include_height_in_obs: ${env_common.include_height_in_obs}
  gains_in_action_space: ${env_common.gains_in_action_space}
  reward_type: ${env_common.reward_type}
sac:
  num_timesteps: 10000000
  episode_length: 1000
  action_repeat: ${common.action_repeat}
  obs_history_length: ${common.obs_history_length}
  num_envs: 1
  num_eval_envs: 500
  learning_rate: 0.0001
  discounting: 0.99
  seed: 0
  batch_size: 200
  num_evals: 10
  normalize_observations: ${common.normalize_observations}
  reward_scaling: 1
  tau: 0.001
  min_replay_size: 10000
  max_replay_size: 200000
  grad_updates_per_step: 20
  deterministic_eval: true
env_ssrl:
  policy_repeat: ${env_common.policy_repeat}
  forward_cmd_vel_type: constant
  forward_cmd_vel_range: 0.0
  forward_cmd_vel_period_range:
  - 40.0
  - 40.0
  turn_cmd_rate_range:
  - -0.0
  - 0.0
  initial_yaw_range:
  - -0.0
  - 0.0
  contact_time_const: 0.02
  contact_damping_ratio: 1.0
  friction_range:
  - 0.6
  - 0.6
  ground_roll_range:
  - 0.0
  - 0.0
  ground_pitch_range:
  - 0.0
  - 0.0
  joint_damping_perc_range:
  - 1.0
  - 1.0
  joint_gain_range:
  - 1.0
  - 1.0
  link_mass_perc_range:
  - 1.0
  - 1.0
  forward_vel_rew_weight: ${env_common.forward_vel_rew_weight}
  turn_rew_weight: ${env_common.turn_rew_weight}
  pitch_rew_weight: ${env_common.pitch_rew_weight}
  roll_rew_weight: ${env_common.roll_rew_weight}
  yaw_rew_weight: ${env_common.yaw_rew_weight}
  side_motion_rew_weight: ${env_common.side_motion_rew_weight}
  z_vel_change_rew_weight: ${env_common.z_vel_change_rew_weight}
  ang_vel_rew_weight: ${env_common.ang_vel_rew_weight}
  ang_change_rew_weight: ${env_common.ang_change_rew_weight}
  joint_lim_rew_weight: ${env_common.joint_lim_rew_weight}
  torque_lim_rew_weight: ${env_common.torque_lim_rew_weight}
  joint_acc_rew_weight: ${env_common.joint_acc_rew_weight}
  action_rew_weight: ${env_common.action_rew_weight}
  cosmetic_rew_weight: ${env_common.cosmetic_rew_weight}
  energy_rew_weight: ${env_common.energy_rew_weight}
  foot_z_rew_weight: ${env_common.foot_z_rew_weight}
  torque_lim_penalty_weight: ${env_common.torque_lim_penalty_weight}
  fallen_roll: ${env_common.fallen_roll}
  fallen_pitch: ${env_common.fallen_pitch}
  forces_in_q_coords: ${common.forces_in_q_coords}
  include_height_in_obs: ${env_common.include_height_in_obs}
  body_height_in_action_space: true
  gains_in_action_space: ${env_common.gains_in_action_space}
  reward_type: ${env_common.reward_type}
  healthy_delta_radius: 2.0
  healthy_delta_yaw: 1.57
ssrl_start_with_sac: false
ssrl:
  episode_length: 1000
  policy_repeat: 1
  num_epochs: 60
  model_trains_per_epoch: 1
  training_steps_per_model_train: 1
  env_steps_per_training_step: 1000
  model_rollouts_per_hallucination_update: 400
  sac_grad_updates_per_hallucination_update: 60
  init_exploration_steps: 1000
  clear_model_buffer_after_model_train: false
  action_repeat: ${common.action_repeat}
  obs_history_length: ${common.obs_history_length}
  num_envs: 1
  num_evals: 41
  num_eval_envs: 1
  policy_normalize_observations: ${common.normalize_observations}
  model_learning_rate: 0.0005
  model_training_batch_size: 200
  model_training_max_sgd_steps_per_epoch: null
  model_training_max_epochs: 1000
  model_training_convergence_criteria: 0.01
  model_training_consec_converged_epochs: 6
  model_training_abs_criteria: null
  model_training_test_ratio: 0.2
  model_training_weight_decay: true
  model_training_stop_gradient: false
  model_loss_horizon: 8
  model_check_done_condition: true
  max_env_buffer_size: 15000
  max_model_buffer_size: 200000
  sac_learning_rate: 0.0001
  sac_discounting: 0.99
  sac_batch_size: 256
  real_ratio: 0.1
  sac_reward_scaling: 1.0
  sac_tau: 0.001
  sac_fixed_alpha: None
  seed: 2
  deterministic_in_env: false
  deterministic_eval: true
  hallucination_max_std: -1.0
  zero_final_layer_of_policy: false
ssrl_model:
  hidden_size: 400
  ensemble_size: 10
  num_elites: 7
  probabilistic: true
ssrl_linear_threshold_fn:
  start_epoch: 0
  end_epoch: 10
  start_model_horizon: 1
  end_model_horizon: 20
ssrl_hupts_fn:
  start_epoch: 0
  end_epoch: 4
  start_hupts: 10
  end_hupts: 1000
render:
  policy: ssrl
wandb:
  entity: an-tsaritsin-itmo-university
  log_sac: false
  log_ssrl: true
save_policy:
  sac: false
  sac_all: false
  ssrl: true
  ssrl_all: true
torque_validate:
  hardware_data: true
Running on GPU 0
[2025-01-25 11:37:51,501][root][INFO] - Converting mesh (2731982992343306909, -9067600872890329899) into convex hull.
[2025-01-25 11:37:56,263][root][INFO] - Converting mesh (-804942294998690278, -4077685035644191662) into convex hull.
[2025-01-25 11:37:59,034][root][INFO] - Converting mesh (-5258078401294389113, 1395306850778866331) into convex hull.
[2025-01-25 11:38:03,278][root][INFO] - Converting mesh (6758189842069466255, -8515172858362455993) into convex hull.
[2025-01-25 11:38:07,062][root][INFO] - Converting mesh (1849602077244307804, 5523933910053239382) into convex hull.
[2025-01-25 11:38:58,456][absl][INFO] - {'eval/walltime': 42.70713710784912, 'eval/episode_forward_vel': Array(-108.60923714, dtype=float64), 'eval/episode_penalty_torque_lim': Array(-0.10797279, dtype=float64), 'eval/episode_rew_action': Array(0., dtype=float64), 'eval/episode_rew_ang_change': Array(52.49267436, dtype=float64), 'eval/episode_rew_ang_vel': Array(0., dtype=float64), 'eval/episode_rew_cosmetic': Array(0., dtype=float64), 'eval/episode_rew_energy': Array(0.4366862, dtype=float64), 'eval/episode_rew_foot_z': Array(0., dtype=float64), 'eval/episode_rew_forward_vel': Array(-46.71365038, dtype=float64), 'eval/episode_rew_joint_acc': Array(0., dtype=float64), 'eval/episode_rew_joint_limits': Array(0., dtype=float64), 'eval/episode_rew_pitch': Array(53.27323164, dtype=float64), 'eval/episode_rew_roll': Array(52.95435189, dtype=float64), 'eval/episode_rew_side_motion': Array(60.45251734, dtype=float64), 'eval/episode_rew_torque_limits': Array(0., dtype=float64), 'eval/episode_rew_turn': Array(65.55468316, dtype=float64), 'eval/episode_rew_yaw': Array(6.67671905, dtype=float64), 'eval/episode_rew_z_vel_change': Array(26.43004902, dtype=float64), 'eval/episode_reward': Array(271.56760586, dtype=float64), 'eval/episode_step_count': Array(499500., dtype=float64), 'eval/avg_episode_length': Array(1000., dtype=float64), 'eval/epoch_eval_time': 42.70713710784912, 'eval/sps': 23.415289989461986}
Steps / Eval:  0
Reward is  271.56760586399474
Total reward is  272.53373555142355
[2025-01-25 11:41:13,632][absl][INFO] - env buffer size after init exploration 1000
Error executing job with overrides: ['wandb.entity=an-tsaritsin-itmo-university', 'wandb.log_ssrl=true', 'render_epoch_interval=15']
jax.errors.SimplifiedTraceback: For simplicity, JAX has removed its internal frames from the traceback of the following exception. Set JAX_TRACEBACK_FILTERING=off to include these.
The above exception was the direct cause of the following exception:
Traceback (most recent call last):
  File "/home/ant/ssrl/ssrl/scripts/go1_train.py", line 199, in train_go1
    state = train_fn(
  File "/home/ant/ssrl/ssrl/brax/training/agents/ssrl/train.py", line 263, in train
    env_state) = sim_training_epoch_with_timing(
  File "/home/ant/ssrl/ssrl/brax/training/agents/ssrl/train.py", line 947, in sim_training_epoch_with_timing
    training_state, model_metrics = train_model(
  File "/home/ant/ssrl/ssrl/brax/training/agents/ssrl/train.py", line 661, in train_model
    test_total_loss, test_mean_loss) = model_training_epoch(
  File "/home/ant/ssrl/ssrl/brax/training/agents/ssrl/train.py", line 745, in model_training_epoch
    test_total_losses, test_mean_losses) = model_training_epoch_jit(
jaxlib.xla_extension.XlaRuntimeError: RESOURCE_EXHAUSTED: Out of memory while trying to allocate 5675966296 bytes.
Set the environment variable HYDRA_FULL_ERROR=1 for a complete stack trace.